<?xml version="1.0" encoding="UTF-8"?>
<testsuite xmlns:xsi="http://www.w3.org/2001/XMLSchema-instance" xsi:noNamespaceSchemaLocation="https://maven.apache.org/surefire/maven-surefire-plugin/xsd/surefire-test-report.xsd" name="com.jowilf.AppTest" time="0.02" tests="1" errors="0" skipped="0" failures="0">
  <properties>
    <property name="java.specification.version" value="20"/>
    <property name="sun.jnu.encoding" value="UTF-8"/>
    <property name="java.class.path" value="/Users/jocelinhounon/Documents/VSCodeProjects/spark-demo/target/test-classes:/Users/jocelinhounon/Documents/VSCodeProjects/spark-demo/target/classes:/Users/jocelinhounon/.m2/repository/junit/junit/4.11/junit-4.11.jar:/Users/jocelinhounon/.m2/repository/org/hamcrest/hamcrest-core/1.3/hamcrest-core-1.3.jar:/Users/jocelinhounon/.m2/repository/org/apache/spark/spark-sql_2.12/3.3.2/spark-sql_2.12-3.3.2.jar:/Users/jocelinhounon/.m2/repository/org/rocksdb/rocksdbjni/6.20.3/rocksdbjni-6.20.3.jar:/Users/jocelinhounon/.m2/repository/com/univocity/univocity-parsers/2.9.1/univocity-parsers-2.9.1.jar:/Users/jocelinhounon/.m2/repository/org/apache/spark/spark-sketch_2.12/3.3.2/spark-sketch_2.12-3.3.2.jar:/Users/jocelinhounon/.m2/repository/org/apache/spark/spark-core_2.12/3.3.2/spark-core_2.12-3.3.2.jar:/Users/jocelinhounon/.m2/repository/org/apache/avro/avro/1.11.0/avro-1.11.0.jar:/Users/jocelinhounon/.m2/repository/org/apache/avro/avro-mapred/1.11.0/avro-mapred-1.11.0.jar:/Users/jocelinhounon/.m2/repository/org/apache/avro/avro-ipc/1.11.0/avro-ipc-1.11.0.jar:/Users/jocelinhounon/.m2/repository/org/tukaani/xz/1.9/xz-1.9.jar:/Users/jocelinhounon/.m2/repository/com/twitter/chill_2.12/0.10.0/chill_2.12-0.10.0.jar:/Users/jocelinhounon/.m2/repository/com/esotericsoftware/kryo-shaded/4.0.2/kryo-shaded-4.0.2.jar:/Users/jocelinhounon/.m2/repository/com/esotericsoftware/minlog/1.3.0/minlog-1.3.0.jar:/Users/jocelinhounon/.m2/repository/org/objenesis/objenesis/2.5.1/objenesis-2.5.1.jar:/Users/jocelinhounon/.m2/repository/com/twitter/chill-java/0.10.0/chill-java-0.10.0.jar:/Users/jocelinhounon/.m2/repository/org/apache/hadoop/hadoop-client-api/3.3.2/hadoop-client-api-3.3.2.jar:/Users/jocelinhounon/.m2/repository/org/apache/hadoop/hadoop-client-runtime/3.3.2/hadoop-client-runtime-3.3.2.jar:/Users/jocelinhounon/.m2/repository/org/apache/spark/spark-launcher_2.12/3.3.2/spark-launcher_2.12-3.3.2.jar:/Users/jocelinhounon/.m2/repository/org/apache/spark/spark-kvstore_2.12/3.3.2/spark-kvstore_2.12-3.3.2.jar:/Users/jocelinhounon/.m2/repository/org/fusesource/leveldbjni/leveldbjni-all/1.8/leveldbjni-all-1.8.jar:/Users/jocelinhounon/.m2/repository/org/apache/spark/spark-network-common_2.12/3.3.2/spark-network-common_2.12-3.3.2.jar:/Users/jocelinhounon/.m2/repository/com/google/crypto/tink/tink/1.6.1/tink-1.6.1.jar:/Users/jocelinhounon/.m2/repository/org/apache/spark/spark-network-shuffle_2.12/3.3.2/spark-network-shuffle_2.12-3.3.2.jar:/Users/jocelinhounon/.m2/repository/org/apache/spark/spark-unsafe_2.12/3.3.2/spark-unsafe_2.12-3.3.2.jar:/Users/jocelinhounon/.m2/repository/javax/activation/activation/1.1.1/activation-1.1.1.jar:/Users/jocelinhounon/.m2/repository/org/apache/curator/curator-recipes/2.13.0/curator-recipes-2.13.0.jar:/Users/jocelinhounon/.m2/repository/jakarta/servlet/jakarta.servlet-api/4.0.3/jakarta.servlet-api-4.0.3.jar:/Users/jocelinhounon/.m2/repository/org/apache/commons/commons-math3/3.6.1/commons-math3-3.6.1.jar:/Users/jocelinhounon/.m2/repository/org/apache/commons/commons-text/1.10.0/commons-text-1.10.0.jar:/Users/jocelinhounon/.m2/repository/commons-collections/commons-collections/3.2.2/commons-collections-3.2.2.jar:/Users/jocelinhounon/.m2/repository/org/apache/commons/commons-collections4/4.4/commons-collections4-4.4.jar:/Users/jocelinhounon/.m2/repository/com/google/code/findbugs/jsr305/3.0.0/jsr305-3.0.0.jar:/Users/jocelinhounon/.m2/repository/org/slf4j/jul-to-slf4j/1.7.32/jul-to-slf4j-1.7.32.jar:/Users/jocelinhounon/.m2/repository/org/slf4j/jcl-over-slf4j/1.7.32/jcl-over-slf4j-1.7.32.jar:/Users/jocelinhounon/.m2/repository/org/apache/logging/log4j/log4j-slf4j-impl/2.17.2/log4j-slf4j-impl-2.17.2.jar:/Users/jocelinhounon/.m2/repository/org/apache/logging/log4j/log4j-api/2.17.2/log4j-api-2.17.2.jar:/Users/jocelinhounon/.m2/repository/org/apache/logging/log4j/log4j-core/2.17.2/log4j-core-2.17.2.jar:/Users/jocelinhounon/.m2/repository/org/apache/logging/log4j/log4j-1.2-api/2.17.2/log4j-1.2-api-2.17.2.jar:/Users/jocelinhounon/.m2/repository/com/ning/compress-lzf/1.1/compress-lzf-1.1.jar:/Users/jocelinhounon/.m2/repository/org/xerial/snappy/snappy-java/1.1.8.4/snappy-java-1.1.8.4.jar:/Users/jocelinhounon/.m2/repository/org/lz4/lz4-java/1.8.0/lz4-java-1.8.0.jar:/Users/jocelinhounon/.m2/repository/com/github/luben/zstd-jni/1.5.2-1/zstd-jni-1.5.2-1.jar:/Users/jocelinhounon/.m2/repository/org/roaringbitmap/RoaringBitmap/0.9.25/RoaringBitmap-0.9.25.jar:/Users/jocelinhounon/.m2/repository/org/roaringbitmap/shims/0.9.25/shims-0.9.25.jar:/Users/jocelinhounon/.m2/repository/org/scala-lang/modules/scala-xml_2.12/1.2.0/scala-xml_2.12-1.2.0.jar:/Users/jocelinhounon/.m2/repository/org/scala-lang/scala-reflect/2.12.15/scala-reflect-2.12.15.jar:/Users/jocelinhounon/.m2/repository/org/json4s/json4s-jackson_2.12/3.7.0-M11/json4s-jackson_2.12-3.7.0-M11.jar:/Users/jocelinhounon/.m2/repository/org/json4s/json4s-core_2.12/3.7.0-M11/json4s-core_2.12-3.7.0-M11.jar:/Users/jocelinhounon/.m2/repository/org/json4s/json4s-ast_2.12/3.7.0-M11/json4s-ast_2.12-3.7.0-M11.jar:/Users/jocelinhounon/.m2/repository/org/json4s/json4s-scalap_2.12/3.7.0-M11/json4s-scalap_2.12-3.7.0-M11.jar:/Users/jocelinhounon/.m2/repository/org/glassfish/jersey/core/jersey-client/2.36/jersey-client-2.36.jar:/Users/jocelinhounon/.m2/repository/jakarta/ws/rs/jakarta.ws.rs-api/2.1.6/jakarta.ws.rs-api-2.1.6.jar:/Users/jocelinhounon/.m2/repository/org/glassfish/hk2/external/jakarta.inject/2.6.1/jakarta.inject-2.6.1.jar:/Users/jocelinhounon/.m2/repository/org/glassfish/jersey/core/jersey-common/2.36/jersey-common-2.36.jar:/Users/jocelinhounon/.m2/repository/jakarta/annotation/jakarta.annotation-api/1.3.5/jakarta.annotation-api-1.3.5.jar:/Users/jocelinhounon/.m2/repository/org/glassfish/hk2/osgi-resource-locator/1.0.3/osgi-resource-locator-1.0.3.jar:/Users/jocelinhounon/.m2/repository/org/glassfish/jersey/core/jersey-server/2.36/jersey-server-2.36.jar:/Users/jocelinhounon/.m2/repository/jakarta/validation/jakarta.validation-api/2.0.2/jakarta.validation-api-2.0.2.jar:/Users/jocelinhounon/.m2/repository/org/glassfish/jersey/containers/jersey-container-servlet/2.36/jersey-container-servlet-2.36.jar:/Users/jocelinhounon/.m2/repository/org/glassfish/jersey/containers/jersey-container-servlet-core/2.36/jersey-container-servlet-core-2.36.jar:/Users/jocelinhounon/.m2/repository/org/glassfish/jersey/inject/jersey-hk2/2.36/jersey-hk2-2.36.jar:/Users/jocelinhounon/.m2/repository/org/glassfish/hk2/hk2-locator/2.6.1/hk2-locator-2.6.1.jar:/Users/jocelinhounon/.m2/repository/org/glassfish/hk2/external/aopalliance-repackaged/2.6.1/aopalliance-repackaged-2.6.1.jar:/Users/jocelinhounon/.m2/repository/org/glassfish/hk2/hk2-api/2.6.1/hk2-api-2.6.1.jar:/Users/jocelinhounon/.m2/repository/org/glassfish/hk2/hk2-utils/2.6.1/hk2-utils-2.6.1.jar:/Users/jocelinhounon/.m2/repository/org/javassist/javassist/3.25.0-GA/javassist-3.25.0-GA.jar:/Users/jocelinhounon/.m2/repository/io/netty/netty-all/4.1.74.Final/netty-all-4.1.74.Final.jar:/Users/jocelinhounon/.m2/repository/io/netty/netty-buffer/4.1.74.Final/netty-buffer-4.1.74.Final.jar:/Users/jocelinhounon/.m2/repository/io/netty/netty-codec/4.1.74.Final/netty-codec-4.1.74.Final.jar:/Users/jocelinhounon/.m2/repository/io/netty/netty-common/4.1.74.Final/netty-common-4.1.74.Final.jar:/Users/jocelinhounon/.m2/repository/io/netty/netty-tcnative-classes/2.0.48.Final/netty-tcnative-classes-2.0.48.Final.jar:/Users/jocelinhounon/.m2/repository/io/netty/netty-resolver/4.1.74.Final/netty-resolver-4.1.74.Final.jar:/Users/jocelinhounon/.m2/repository/io/netty/netty-transport/4.1.74.Final/netty-transport-4.1.74.Final.jar:/Users/jocelinhounon/.m2/repository/io/netty/netty-transport-classes-epoll/4.1.74.Final/netty-transport-classes-epoll-4.1.74.Final.jar:/Users/jocelinhounon/.m2/repository/io/netty/netty-transport-native-unix-common/4.1.74.Final/netty-transport-native-unix-common-4.1.74.Final.jar:/Users/jocelinhounon/.m2/repository/io/netty/netty-transport-classes-kqueue/4.1.74.Final/netty-transport-classes-kqueue-4.1.74.Final.jar:/Users/jocelinhounon/.m2/repository/io/netty/netty-transport-native-epoll/4.1.74.Final/netty-transport-native-epoll-4.1.74.Final-linux-x86_64.jar:/Users/jocelinhounon/.m2/repository/io/netty/netty-transport-native-epoll/4.1.74.Final/netty-transport-native-epoll-4.1.74.Final-linux-aarch_64.jar:/Users/jocelinhounon/.m2/repository/io/netty/netty-transport-native-kqueue/4.1.74.Final/netty-transport-native-kqueue-4.1.74.Final-osx-x86_64.jar:/Users/jocelinhounon/.m2/repository/io/netty/netty-transport-native-kqueue/4.1.74.Final/netty-transport-native-kqueue-4.1.74.Final-osx-aarch_64.jar:/Users/jocelinhounon/.m2/repository/com/clearspring/analytics/stream/2.9.6/stream-2.9.6.jar:/Users/jocelinhounon/.m2/repository/io/dropwizard/metrics/metrics-jvm/4.2.7/metrics-jvm-4.2.7.jar:/Users/jocelinhounon/.m2/repository/io/dropwizard/metrics/metrics-json/4.2.7/metrics-json-4.2.7.jar:/Users/jocelinhounon/.m2/repository/io/dropwizard/metrics/metrics-graphite/4.2.7/metrics-graphite-4.2.7.jar:/Users/jocelinhounon/.m2/repository/io/dropwizard/metrics/metrics-jmx/4.2.7/metrics-jmx-4.2.7.jar:/Users/jocelinhounon/.m2/repository/com/fasterxml/jackson/module/jackson-module-scala_2.12/2.13.4/jackson-module-scala_2.12-2.13.4.jar:/Users/jocelinhounon/.m2/repository/com/thoughtworks/paranamer/paranamer/2.8/paranamer-2.8.jar:/Users/jocelinhounon/.m2/repository/org/apache/ivy/ivy/2.5.1/ivy-2.5.1.jar:/Users/jocelinhounon/.m2/repository/oro/oro/2.0.8/oro-2.0.8.jar:/Users/jocelinhounon/.m2/repository/net/razorvine/pickle/1.2/pickle-1.2.jar:/Users/jocelinhounon/.m2/repository/net/sf/py4j/py4j/0.10.9.5/py4j-0.10.9.5.jar:/Users/jocelinhounon/.m2/repository/org/apache/spark/spark-catalyst_2.12/3.3.2/spark-catalyst_2.12-3.3.2.jar:/Users/jocelinhounon/.m2/repository/org/scala-lang/modules/scala-parser-combinators_2.12/1.1.2/scala-parser-combinators_2.12-1.1.2.jar:/Users/jocelinhounon/.m2/repository/org/codehaus/janino/janino/3.0.16/janino-3.0.16.jar:/Users/jocelinhounon/.m2/repository/org/codehaus/janino/commons-compiler/3.0.16/commons-compiler-3.0.16.jar:/Users/jocelinhounon/.m2/repository/org/antlr/antlr4-runtime/4.8/antlr4-runtime-4.8.jar:/Users/jocelinhounon/.m2/repository/org/apache/arrow/arrow-vector/7.0.0/arrow-vector-7.0.0.jar:/Users/jocelinhounon/.m2/repository/org/apache/arrow/arrow-format/7.0.0/arrow-format-7.0.0.jar:/Users/jocelinhounon/.m2/repository/org/apache/arrow/arrow-memory-core/7.0.0/arrow-memory-core-7.0.0.jar:/Users/jocelinhounon/.m2/repository/com/google/flatbuffers/flatbuffers-java/1.12.0/flatbuffers-java-1.12.0.jar:/Users/jocelinhounon/.m2/repository/org/apache/arrow/arrow-memory-netty/7.0.0/arrow-memory-netty-7.0.0.jar:/Users/jocelinhounon/.m2/repository/org/apache/spark/spark-tags_2.12/3.3.2/spark-tags_2.12-3.3.2.jar:/Users/jocelinhounon/.m2/repository/org/apache/orc/orc-core/1.7.8/orc-core-1.7.8.jar:/Users/jocelinhounon/.m2/repository/org/apache/orc/orc-shims/1.7.8/orc-shims-1.7.8.jar:/Users/jocelinhounon/.m2/repository/io/airlift/aircompressor/0.21/aircompressor-0.21.jar:/Users/jocelinhounon/.m2/repository/org/jetbrains/annotations/17.0.0/annotations-17.0.0.jar:/Users/jocelinhounon/.m2/repository/org/threeten/threeten-extra/1.5.0/threeten-extra-1.5.0.jar:/Users/jocelinhounon/.m2/repository/org/apache/orc/orc-mapreduce/1.7.8/orc-mapreduce-1.7.8.jar:/Users/jocelinhounon/.m2/repository/org/apache/hive/hive-storage-api/2.7.2/hive-storage-api-2.7.2.jar:/Users/jocelinhounon/.m2/repository/org/apache/parquet/parquet-column/1.12.2/parquet-column-1.12.2.jar:/Users/jocelinhounon/.m2/repository/org/apache/parquet/parquet-common/1.12.2/parquet-common-1.12.2.jar:/Users/jocelinhounon/.m2/repository/org/apache/parquet/parquet-encoding/1.12.2/parquet-encoding-1.12.2.jar:/Users/jocelinhounon/.m2/repository/org/apache/parquet/parquet-hadoop/1.12.2/parquet-hadoop-1.12.2.jar:/Users/jocelinhounon/.m2/repository/org/apache/parquet/parquet-format-structures/1.12.2/parquet-format-structures-1.12.2.jar:/Users/jocelinhounon/.m2/repository/org/apache/parquet/parquet-jackson/1.12.2/parquet-jackson-1.12.2.jar:/Users/jocelinhounon/.m2/repository/com/fasterxml/jackson/core/jackson-databind/2.13.4.2/jackson-databind-2.13.4.2.jar:/Users/jocelinhounon/.m2/repository/com/fasterxml/jackson/core/jackson-annotations/2.13.4/jackson-annotations-2.13.4.jar:/Users/jocelinhounon/.m2/repository/com/fasterxml/jackson/core/jackson-core/2.13.4/jackson-core-2.13.4.jar:/Users/jocelinhounon/.m2/repository/org/apache/xbean/xbean-asm9-shaded/4.20/xbean-asm9-shaded-4.20.jar:/Users/jocelinhounon/.m2/repository/org/spark-project/spark/unused/1.0.0/unused-1.0.0.jar:/Users/jocelinhounon/.m2/repository/org/apache/spark/spark-streaming_2.12/3.3.2/spark-streaming_2.12-3.3.2.jar:/Users/jocelinhounon/.m2/repository/org/scala-lang/scala-library/2.12.15/scala-library-2.12.15.jar:/Users/jocelinhounon/.m2/repository/org/apache/spark/spark-streaming-kafka-0-10_2.12/3.3.2/spark-streaming-kafka-0-10_2.12-3.3.2.jar:/Users/jocelinhounon/.m2/repository/org/apache/spark/spark-token-provider-kafka-0-10_2.12/3.3.2/spark-token-provider-kafka-0-10_2.12-3.3.2.jar:/Users/jocelinhounon/.m2/repository/org/apache/kafka/kafka-clients/2.8.1/kafka-clients-2.8.1.jar:/Users/jocelinhounon/.m2/repository/org/apache/hbase/hbase-client/2.4.17/hbase-client-2.4.17.jar:/Users/jocelinhounon/.m2/repository/org/apache/hbase/thirdparty/hbase-shaded-protobuf/4.1.4/hbase-shaded-protobuf-4.1.4.jar:/Users/jocelinhounon/.m2/repository/org/apache/hbase/hbase-common/2.4.17/hbase-common-2.4.17.jar:/Users/jocelinhounon/.m2/repository/org/apache/hbase/hbase-logging/2.4.17/hbase-logging-2.4.17.jar:/Users/jocelinhounon/.m2/repository/org/apache/hbase/thirdparty/hbase-shaded-gson/4.1.4/hbase-shaded-gson-4.1.4.jar:/Users/jocelinhounon/.m2/repository/org/apache/hbase/thirdparty/hbase-unsafe/4.1.4/hbase-unsafe-4.1.4.jar:/Users/jocelinhounon/.m2/repository/org/apache/hbase/hbase-hadoop-compat/2.4.17/hbase-hadoop-compat-2.4.17.jar:/Users/jocelinhounon/.m2/repository/org/apache/hbase/hbase-metrics-api/2.4.17/hbase-metrics-api-2.4.17.jar:/Users/jocelinhounon/.m2/repository/org/apache/hbase/hbase-hadoop2-compat/2.4.17/hbase-hadoop2-compat-2.4.17.jar:/Users/jocelinhounon/.m2/repository/org/apache/hbase/hbase-metrics/2.4.17/hbase-metrics-2.4.17.jar:/Users/jocelinhounon/.m2/repository/javax/activation/javax.activation-api/1.2.0/javax.activation-api-1.2.0.jar:/Users/jocelinhounon/.m2/repository/org/apache/hbase/hbase-protocol-shaded/2.4.17/hbase-protocol-shaded-2.4.17.jar:/Users/jocelinhounon/.m2/repository/org/apache/hbase/hbase-protocol/2.4.17/hbase-protocol-2.4.17.jar:/Users/jocelinhounon/.m2/repository/javax/annotation/javax.annotation-api/1.2/javax.annotation-api-1.2.jar:/Users/jocelinhounon/.m2/repository/commons-codec/commons-codec/1.15/commons-codec-1.15.jar:/Users/jocelinhounon/.m2/repository/commons-io/commons-io/2.11.0/commons-io-2.11.0.jar:/Users/jocelinhounon/.m2/repository/org/apache/commons/commons-lang3/3.9/commons-lang3-3.9.jar:/Users/jocelinhounon/.m2/repository/org/slf4j/slf4j-api/1.7.33/slf4j-api-1.7.33.jar:/Users/jocelinhounon/.m2/repository/org/apache/hbase/thirdparty/hbase-shaded-miscellaneous/4.1.4/hbase-shaded-miscellaneous-4.1.4.jar:/Users/jocelinhounon/.m2/repository/com/google/errorprone/error_prone_annotations/2.18.0/error_prone_annotations-2.18.0.jar:/Users/jocelinhounon/.m2/repository/com/google/protobuf/protobuf-java/2.5.0/protobuf-java-2.5.0.jar:/Users/jocelinhounon/.m2/repository/org/apache/hbase/thirdparty/hbase-shaded-netty/4.1.4/hbase-shaded-netty-4.1.4.jar:/Users/jocelinhounon/.m2/repository/org/apache/zookeeper/zookeeper/3.5.7/zookeeper-3.5.7.jar:/Users/jocelinhounon/.m2/repository/org/apache/zookeeper/zookeeper-jute/3.5.7/zookeeper-jute-3.5.7.jar:/Users/jocelinhounon/.m2/repository/io/netty/netty-handler/4.1.45.Final/netty-handler-4.1.45.Final.jar:/Users/jocelinhounon/.m2/repository/io/netty/netty-transport-native-epoll/4.1.45.Final/netty-transport-native-epoll-4.1.45.Final.jar:/Users/jocelinhounon/.m2/repository/org/apache/htrace/htrace-core4/4.2.0-incubating/htrace-core4-4.2.0-incubating.jar:/Users/jocelinhounon/.m2/repository/org/jruby/jcodings/jcodings/1.0.55/jcodings-1.0.55.jar:/Users/jocelinhounon/.m2/repository/org/jruby/joni/joni/2.1.31/joni-2.1.31.jar:/Users/jocelinhounon/.m2/repository/io/dropwizard/metrics/metrics-core/3.2.6/metrics-core-3.2.6.jar:/Users/jocelinhounon/.m2/repository/org/apache/commons/commons-crypto/1.0.0/commons-crypto-1.0.0.jar:/Users/jocelinhounon/.m2/repository/org/apache/hadoop/hadoop-auth/2.10.0/hadoop-auth-2.10.0.jar:/Users/jocelinhounon/.m2/repository/org/apache/httpcomponents/httpclient/4.5.2/httpclient-4.5.2.jar:/Users/jocelinhounon/.m2/repository/org/apache/httpcomponents/httpcore/4.4.4/httpcore-4.4.4.jar:/Users/jocelinhounon/.m2/repository/com/nimbusds/nimbus-jose-jwt/4.41.1/nimbus-jose-jwt-4.41.1.jar:/Users/jocelinhounon/.m2/repository/com/github/stephenc/jcip/jcip-annotations/1.0-1/jcip-annotations-1.0-1.jar:/Users/jocelinhounon/.m2/repository/org/apache/directory/server/apacheds-kerberos-codec/2.0.0-M15/apacheds-kerberos-codec-2.0.0-M15.jar:/Users/jocelinhounon/.m2/repository/org/apache/directory/server/apacheds-i18n/2.0.0-M15/apacheds-i18n-2.0.0-M15.jar:/Users/jocelinhounon/.m2/repository/org/apache/directory/api/api-asn1-api/1.0.0-M20/api-asn1-api-1.0.0-M20.jar:/Users/jocelinhounon/.m2/repository/org/apache/directory/api/api-util/1.0.0-M20/api-util-1.0.0-M20.jar:/Users/jocelinhounon/.m2/repository/org/apache/curator/curator-framework/2.7.1/curator-framework-2.7.1.jar:/Users/jocelinhounon/.m2/repository/org/apache/hadoop/hadoop-common/2.10.0/hadoop-common-2.10.0.jar:/Users/jocelinhounon/.m2/repository/org/apache/hadoop/hadoop-annotations/2.10.0/hadoop-annotations-2.10.0.jar:/Users/jocelinhounon/.m2/repository/com/google/guava/guava/11.0.2/guava-11.0.2.jar:/Users/jocelinhounon/.m2/repository/commons-cli/commons-cli/1.2/commons-cli-1.2.jar:/Users/jocelinhounon/.m2/repository/xmlenc/xmlenc/0.52/xmlenc-0.52.jar:/Users/jocelinhounon/.m2/repository/commons-net/commons-net/3.1/commons-net-3.1.jar:/Users/jocelinhounon/.m2/repository/org/mortbay/jetty/jetty-sslengine/6.1.26/jetty-sslengine-6.1.26.jar:/Users/jocelinhounon/.m2/repository/commons-logging/commons-logging/1.1.3/commons-logging-1.1.3.jar:/Users/jocelinhounon/.m2/repository/log4j/log4j/1.2.17/log4j-1.2.17.jar:/Users/jocelinhounon/.m2/repository/commons-lang/commons-lang/2.6/commons-lang-2.6.jar:/Users/jocelinhounon/.m2/repository/commons-configuration/commons-configuration/1.6/commons-configuration-1.6.jar:/Users/jocelinhounon/.m2/repository/commons-digester/commons-digester/1.8/commons-digester-1.8.jar:/Users/jocelinhounon/.m2/repository/commons-beanutils/commons-beanutils/1.9.4/commons-beanutils-1.9.4.jar:/Users/jocelinhounon/.m2/repository/org/slf4j/slf4j-log4j12/1.7.25/slf4j-log4j12-1.7.25.jar:/Users/jocelinhounon/.m2/repository/org/codehaus/jackson/jackson-core-asl/1.9.13/jackson-core-asl-1.9.13.jar:/Users/jocelinhounon/.m2/repository/org/codehaus/jackson/jackson-mapper-asl/1.9.13/jackson-mapper-asl-1.9.13.jar:/Users/jocelinhounon/.m2/repository/com/google/code/gson/gson/2.2.4/gson-2.2.4.jar:/Users/jocelinhounon/.m2/repository/com/jcraft/jsch/0.1.54/jsch-0.1.54.jar:/Users/jocelinhounon/.m2/repository/org/apache/curator/curator-client/2.7.1/curator-client-2.7.1.jar:/Users/jocelinhounon/.m2/repository/org/apache/commons/commons-compress/1.19/commons-compress-1.19.jar:/Users/jocelinhounon/.m2/repository/org/codehaus/woodstox/stax2-api/3.1.4/stax2-api-3.1.4.jar:/Users/jocelinhounon/.m2/repository/com/fasterxml/woodstox/woodstox-core/5.0.3/woodstox-core-5.0.3.jar:/Users/jocelinhounon/.m2/repository/org/apache/yetus/audience-annotations/0.13.0/audience-annotations-0.13.0.jar:"/>
    <property name="java.vm.vendor" value="Homebrew"/>
    <property name="sun.arch.data.model" value="64"/>
    <property name="java.vendor.url" value="https://github.com/Homebrew/homebrew-core/issues"/>
    <property name="os.name" value="Mac OS X"/>
    <property name="java.vm.specification.version" value="20"/>
    <property name="sun.java.launcher" value="SUN_STANDARD"/>
    <property name="user.country" value="US"/>
    <property name="sun.boot.library.path" value="/opt/homebrew/Cellar/openjdk/20/libexec/openjdk.jdk/Contents/Home/lib"/>
    <property name="sun.java.command" value="/Users/jocelinhounon/Documents/VSCodeProjects/spark-demo/target/surefire/surefirebooter18201592038617140145.jar /Users/jocelinhounon/Documents/VSCodeProjects/spark-demo/target/surefire 2023-04-21T03-31-21_729-jvmRun1 surefire120306450941978959tmp surefire_02732965295646879906tmp"/>
    <property name="http.nonProxyHosts" value="local|*.local|169.254/16|*.169.254/16"/>
    <property name="jdk.debug" value="release"/>
    <property name="surefire.test.class.path" value="/Users/jocelinhounon/Documents/VSCodeProjects/spark-demo/target/test-classes:/Users/jocelinhounon/Documents/VSCodeProjects/spark-demo/target/classes:/Users/jocelinhounon/.m2/repository/junit/junit/4.11/junit-4.11.jar:/Users/jocelinhounon/.m2/repository/org/hamcrest/hamcrest-core/1.3/hamcrest-core-1.3.jar:/Users/jocelinhounon/.m2/repository/org/apache/spark/spark-sql_2.12/3.3.2/spark-sql_2.12-3.3.2.jar:/Users/jocelinhounon/.m2/repository/org/rocksdb/rocksdbjni/6.20.3/rocksdbjni-6.20.3.jar:/Users/jocelinhounon/.m2/repository/com/univocity/univocity-parsers/2.9.1/univocity-parsers-2.9.1.jar:/Users/jocelinhounon/.m2/repository/org/apache/spark/spark-sketch_2.12/3.3.2/spark-sketch_2.12-3.3.2.jar:/Users/jocelinhounon/.m2/repository/org/apache/spark/spark-core_2.12/3.3.2/spark-core_2.12-3.3.2.jar:/Users/jocelinhounon/.m2/repository/org/apache/avro/avro/1.11.0/avro-1.11.0.jar:/Users/jocelinhounon/.m2/repository/org/apache/avro/avro-mapred/1.11.0/avro-mapred-1.11.0.jar:/Users/jocelinhounon/.m2/repository/org/apache/avro/avro-ipc/1.11.0/avro-ipc-1.11.0.jar:/Users/jocelinhounon/.m2/repository/org/tukaani/xz/1.9/xz-1.9.jar:/Users/jocelinhounon/.m2/repository/com/twitter/chill_2.12/0.10.0/chill_2.12-0.10.0.jar:/Users/jocelinhounon/.m2/repository/com/esotericsoftware/kryo-shaded/4.0.2/kryo-shaded-4.0.2.jar:/Users/jocelinhounon/.m2/repository/com/esotericsoftware/minlog/1.3.0/minlog-1.3.0.jar:/Users/jocelinhounon/.m2/repository/org/objenesis/objenesis/2.5.1/objenesis-2.5.1.jar:/Users/jocelinhounon/.m2/repository/com/twitter/chill-java/0.10.0/chill-java-0.10.0.jar:/Users/jocelinhounon/.m2/repository/org/apache/hadoop/hadoop-client-api/3.3.2/hadoop-client-api-3.3.2.jar:/Users/jocelinhounon/.m2/repository/org/apache/hadoop/hadoop-client-runtime/3.3.2/hadoop-client-runtime-3.3.2.jar:/Users/jocelinhounon/.m2/repository/org/apache/spark/spark-launcher_2.12/3.3.2/spark-launcher_2.12-3.3.2.jar:/Users/jocelinhounon/.m2/repository/org/apache/spark/spark-kvstore_2.12/3.3.2/spark-kvstore_2.12-3.3.2.jar:/Users/jocelinhounon/.m2/repository/org/fusesource/leveldbjni/leveldbjni-all/1.8/leveldbjni-all-1.8.jar:/Users/jocelinhounon/.m2/repository/org/apache/spark/spark-network-common_2.12/3.3.2/spark-network-common_2.12-3.3.2.jar:/Users/jocelinhounon/.m2/repository/com/google/crypto/tink/tink/1.6.1/tink-1.6.1.jar:/Users/jocelinhounon/.m2/repository/org/apache/spark/spark-network-shuffle_2.12/3.3.2/spark-network-shuffle_2.12-3.3.2.jar:/Users/jocelinhounon/.m2/repository/org/apache/spark/spark-unsafe_2.12/3.3.2/spark-unsafe_2.12-3.3.2.jar:/Users/jocelinhounon/.m2/repository/javax/activation/activation/1.1.1/activation-1.1.1.jar:/Users/jocelinhounon/.m2/repository/org/apache/curator/curator-recipes/2.13.0/curator-recipes-2.13.0.jar:/Users/jocelinhounon/.m2/repository/jakarta/servlet/jakarta.servlet-api/4.0.3/jakarta.servlet-api-4.0.3.jar:/Users/jocelinhounon/.m2/repository/org/apache/commons/commons-math3/3.6.1/commons-math3-3.6.1.jar:/Users/jocelinhounon/.m2/repository/org/apache/commons/commons-text/1.10.0/commons-text-1.10.0.jar:/Users/jocelinhounon/.m2/repository/commons-collections/commons-collections/3.2.2/commons-collections-3.2.2.jar:/Users/jocelinhounon/.m2/repository/org/apache/commons/commons-collections4/4.4/commons-collections4-4.4.jar:/Users/jocelinhounon/.m2/repository/com/google/code/findbugs/jsr305/3.0.0/jsr305-3.0.0.jar:/Users/jocelinhounon/.m2/repository/org/slf4j/jul-to-slf4j/1.7.32/jul-to-slf4j-1.7.32.jar:/Users/jocelinhounon/.m2/repository/org/slf4j/jcl-over-slf4j/1.7.32/jcl-over-slf4j-1.7.32.jar:/Users/jocelinhounon/.m2/repository/org/apache/logging/log4j/log4j-slf4j-impl/2.17.2/log4j-slf4j-impl-2.17.2.jar:/Users/jocelinhounon/.m2/repository/org/apache/logging/log4j/log4j-api/2.17.2/log4j-api-2.17.2.jar:/Users/jocelinhounon/.m2/repository/org/apache/logging/log4j/log4j-core/2.17.2/log4j-core-2.17.2.jar:/Users/jocelinhounon/.m2/repository/org/apache/logging/log4j/log4j-1.2-api/2.17.2/log4j-1.2-api-2.17.2.jar:/Users/jocelinhounon/.m2/repository/com/ning/compress-lzf/1.1/compress-lzf-1.1.jar:/Users/jocelinhounon/.m2/repository/org/xerial/snappy/snappy-java/1.1.8.4/snappy-java-1.1.8.4.jar:/Users/jocelinhounon/.m2/repository/org/lz4/lz4-java/1.8.0/lz4-java-1.8.0.jar:/Users/jocelinhounon/.m2/repository/com/github/luben/zstd-jni/1.5.2-1/zstd-jni-1.5.2-1.jar:/Users/jocelinhounon/.m2/repository/org/roaringbitmap/RoaringBitmap/0.9.25/RoaringBitmap-0.9.25.jar:/Users/jocelinhounon/.m2/repository/org/roaringbitmap/shims/0.9.25/shims-0.9.25.jar:/Users/jocelinhounon/.m2/repository/org/scala-lang/modules/scala-xml_2.12/1.2.0/scala-xml_2.12-1.2.0.jar:/Users/jocelinhounon/.m2/repository/org/scala-lang/scala-reflect/2.12.15/scala-reflect-2.12.15.jar:/Users/jocelinhounon/.m2/repository/org/json4s/json4s-jackson_2.12/3.7.0-M11/json4s-jackson_2.12-3.7.0-M11.jar:/Users/jocelinhounon/.m2/repository/org/json4s/json4s-core_2.12/3.7.0-M11/json4s-core_2.12-3.7.0-M11.jar:/Users/jocelinhounon/.m2/repository/org/json4s/json4s-ast_2.12/3.7.0-M11/json4s-ast_2.12-3.7.0-M11.jar:/Users/jocelinhounon/.m2/repository/org/json4s/json4s-scalap_2.12/3.7.0-M11/json4s-scalap_2.12-3.7.0-M11.jar:/Users/jocelinhounon/.m2/repository/org/glassfish/jersey/core/jersey-client/2.36/jersey-client-2.36.jar:/Users/jocelinhounon/.m2/repository/jakarta/ws/rs/jakarta.ws.rs-api/2.1.6/jakarta.ws.rs-api-2.1.6.jar:/Users/jocelinhounon/.m2/repository/org/glassfish/hk2/external/jakarta.inject/2.6.1/jakarta.inject-2.6.1.jar:/Users/jocelinhounon/.m2/repository/org/glassfish/jersey/core/jersey-common/2.36/jersey-common-2.36.jar:/Users/jocelinhounon/.m2/repository/jakarta/annotation/jakarta.annotation-api/1.3.5/jakarta.annotation-api-1.3.5.jar:/Users/jocelinhounon/.m2/repository/org/glassfish/hk2/osgi-resource-locator/1.0.3/osgi-resource-locator-1.0.3.jar:/Users/jocelinhounon/.m2/repository/org/glassfish/jersey/core/jersey-server/2.36/jersey-server-2.36.jar:/Users/jocelinhounon/.m2/repository/jakarta/validation/jakarta.validation-api/2.0.2/jakarta.validation-api-2.0.2.jar:/Users/jocelinhounon/.m2/repository/org/glassfish/jersey/containers/jersey-container-servlet/2.36/jersey-container-servlet-2.36.jar:/Users/jocelinhounon/.m2/repository/org/glassfish/jersey/containers/jersey-container-servlet-core/2.36/jersey-container-servlet-core-2.36.jar:/Users/jocelinhounon/.m2/repository/org/glassfish/jersey/inject/jersey-hk2/2.36/jersey-hk2-2.36.jar:/Users/jocelinhounon/.m2/repository/org/glassfish/hk2/hk2-locator/2.6.1/hk2-locator-2.6.1.jar:/Users/jocelinhounon/.m2/repository/org/glassfish/hk2/external/aopalliance-repackaged/2.6.1/aopalliance-repackaged-2.6.1.jar:/Users/jocelinhounon/.m2/repository/org/glassfish/hk2/hk2-api/2.6.1/hk2-api-2.6.1.jar:/Users/jocelinhounon/.m2/repository/org/glassfish/hk2/hk2-utils/2.6.1/hk2-utils-2.6.1.jar:/Users/jocelinhounon/.m2/repository/org/javassist/javassist/3.25.0-GA/javassist-3.25.0-GA.jar:/Users/jocelinhounon/.m2/repository/io/netty/netty-all/4.1.74.Final/netty-all-4.1.74.Final.jar:/Users/jocelinhounon/.m2/repository/io/netty/netty-buffer/4.1.74.Final/netty-buffer-4.1.74.Final.jar:/Users/jocelinhounon/.m2/repository/io/netty/netty-codec/4.1.74.Final/netty-codec-4.1.74.Final.jar:/Users/jocelinhounon/.m2/repository/io/netty/netty-common/4.1.74.Final/netty-common-4.1.74.Final.jar:/Users/jocelinhounon/.m2/repository/io/netty/netty-tcnative-classes/2.0.48.Final/netty-tcnative-classes-2.0.48.Final.jar:/Users/jocelinhounon/.m2/repository/io/netty/netty-resolver/4.1.74.Final/netty-resolver-4.1.74.Final.jar:/Users/jocelinhounon/.m2/repository/io/netty/netty-transport/4.1.74.Final/netty-transport-4.1.74.Final.jar:/Users/jocelinhounon/.m2/repository/io/netty/netty-transport-classes-epoll/4.1.74.Final/netty-transport-classes-epoll-4.1.74.Final.jar:/Users/jocelinhounon/.m2/repository/io/netty/netty-transport-native-unix-common/4.1.74.Final/netty-transport-native-unix-common-4.1.74.Final.jar:/Users/jocelinhounon/.m2/repository/io/netty/netty-transport-classes-kqueue/4.1.74.Final/netty-transport-classes-kqueue-4.1.74.Final.jar:/Users/jocelinhounon/.m2/repository/io/netty/netty-transport-native-epoll/4.1.74.Final/netty-transport-native-epoll-4.1.74.Final-linux-x86_64.jar:/Users/jocelinhounon/.m2/repository/io/netty/netty-transport-native-epoll/4.1.74.Final/netty-transport-native-epoll-4.1.74.Final-linux-aarch_64.jar:/Users/jocelinhounon/.m2/repository/io/netty/netty-transport-native-kqueue/4.1.74.Final/netty-transport-native-kqueue-4.1.74.Final-osx-x86_64.jar:/Users/jocelinhounon/.m2/repository/io/netty/netty-transport-native-kqueue/4.1.74.Final/netty-transport-native-kqueue-4.1.74.Final-osx-aarch_64.jar:/Users/jocelinhounon/.m2/repository/com/clearspring/analytics/stream/2.9.6/stream-2.9.6.jar:/Users/jocelinhounon/.m2/repository/io/dropwizard/metrics/metrics-jvm/4.2.7/metrics-jvm-4.2.7.jar:/Users/jocelinhounon/.m2/repository/io/dropwizard/metrics/metrics-json/4.2.7/metrics-json-4.2.7.jar:/Users/jocelinhounon/.m2/repository/io/dropwizard/metrics/metrics-graphite/4.2.7/metrics-graphite-4.2.7.jar:/Users/jocelinhounon/.m2/repository/io/dropwizard/metrics/metrics-jmx/4.2.7/metrics-jmx-4.2.7.jar:/Users/jocelinhounon/.m2/repository/com/fasterxml/jackson/module/jackson-module-scala_2.12/2.13.4/jackson-module-scala_2.12-2.13.4.jar:/Users/jocelinhounon/.m2/repository/com/thoughtworks/paranamer/paranamer/2.8/paranamer-2.8.jar:/Users/jocelinhounon/.m2/repository/org/apache/ivy/ivy/2.5.1/ivy-2.5.1.jar:/Users/jocelinhounon/.m2/repository/oro/oro/2.0.8/oro-2.0.8.jar:/Users/jocelinhounon/.m2/repository/net/razorvine/pickle/1.2/pickle-1.2.jar:/Users/jocelinhounon/.m2/repository/net/sf/py4j/py4j/0.10.9.5/py4j-0.10.9.5.jar:/Users/jocelinhounon/.m2/repository/org/apache/spark/spark-catalyst_2.12/3.3.2/spark-catalyst_2.12-3.3.2.jar:/Users/jocelinhounon/.m2/repository/org/scala-lang/modules/scala-parser-combinators_2.12/1.1.2/scala-parser-combinators_2.12-1.1.2.jar:/Users/jocelinhounon/.m2/repository/org/codehaus/janino/janino/3.0.16/janino-3.0.16.jar:/Users/jocelinhounon/.m2/repository/org/codehaus/janino/commons-compiler/3.0.16/commons-compiler-3.0.16.jar:/Users/jocelinhounon/.m2/repository/org/antlr/antlr4-runtime/4.8/antlr4-runtime-4.8.jar:/Users/jocelinhounon/.m2/repository/org/apache/arrow/arrow-vector/7.0.0/arrow-vector-7.0.0.jar:/Users/jocelinhounon/.m2/repository/org/apache/arrow/arrow-format/7.0.0/arrow-format-7.0.0.jar:/Users/jocelinhounon/.m2/repository/org/apache/arrow/arrow-memory-core/7.0.0/arrow-memory-core-7.0.0.jar:/Users/jocelinhounon/.m2/repository/com/google/flatbuffers/flatbuffers-java/1.12.0/flatbuffers-java-1.12.0.jar:/Users/jocelinhounon/.m2/repository/org/apache/arrow/arrow-memory-netty/7.0.0/arrow-memory-netty-7.0.0.jar:/Users/jocelinhounon/.m2/repository/org/apache/spark/spark-tags_2.12/3.3.2/spark-tags_2.12-3.3.2.jar:/Users/jocelinhounon/.m2/repository/org/apache/orc/orc-core/1.7.8/orc-core-1.7.8.jar:/Users/jocelinhounon/.m2/repository/org/apache/orc/orc-shims/1.7.8/orc-shims-1.7.8.jar:/Users/jocelinhounon/.m2/repository/io/airlift/aircompressor/0.21/aircompressor-0.21.jar:/Users/jocelinhounon/.m2/repository/org/jetbrains/annotations/17.0.0/annotations-17.0.0.jar:/Users/jocelinhounon/.m2/repository/org/threeten/threeten-extra/1.5.0/threeten-extra-1.5.0.jar:/Users/jocelinhounon/.m2/repository/org/apache/orc/orc-mapreduce/1.7.8/orc-mapreduce-1.7.8.jar:/Users/jocelinhounon/.m2/repository/org/apache/hive/hive-storage-api/2.7.2/hive-storage-api-2.7.2.jar:/Users/jocelinhounon/.m2/repository/org/apache/parquet/parquet-column/1.12.2/parquet-column-1.12.2.jar:/Users/jocelinhounon/.m2/repository/org/apache/parquet/parquet-common/1.12.2/parquet-common-1.12.2.jar:/Users/jocelinhounon/.m2/repository/org/apache/parquet/parquet-encoding/1.12.2/parquet-encoding-1.12.2.jar:/Users/jocelinhounon/.m2/repository/org/apache/parquet/parquet-hadoop/1.12.2/parquet-hadoop-1.12.2.jar:/Users/jocelinhounon/.m2/repository/org/apache/parquet/parquet-format-structures/1.12.2/parquet-format-structures-1.12.2.jar:/Users/jocelinhounon/.m2/repository/org/apache/parquet/parquet-jackson/1.12.2/parquet-jackson-1.12.2.jar:/Users/jocelinhounon/.m2/repository/com/fasterxml/jackson/core/jackson-databind/2.13.4.2/jackson-databind-2.13.4.2.jar:/Users/jocelinhounon/.m2/repository/com/fasterxml/jackson/core/jackson-annotations/2.13.4/jackson-annotations-2.13.4.jar:/Users/jocelinhounon/.m2/repository/com/fasterxml/jackson/core/jackson-core/2.13.4/jackson-core-2.13.4.jar:/Users/jocelinhounon/.m2/repository/org/apache/xbean/xbean-asm9-shaded/4.20/xbean-asm9-shaded-4.20.jar:/Users/jocelinhounon/.m2/repository/org/spark-project/spark/unused/1.0.0/unused-1.0.0.jar:/Users/jocelinhounon/.m2/repository/org/apache/spark/spark-streaming_2.12/3.3.2/spark-streaming_2.12-3.3.2.jar:/Users/jocelinhounon/.m2/repository/org/scala-lang/scala-library/2.12.15/scala-library-2.12.15.jar:/Users/jocelinhounon/.m2/repository/org/apache/spark/spark-streaming-kafka-0-10_2.12/3.3.2/spark-streaming-kafka-0-10_2.12-3.3.2.jar:/Users/jocelinhounon/.m2/repository/org/apache/spark/spark-token-provider-kafka-0-10_2.12/3.3.2/spark-token-provider-kafka-0-10_2.12-3.3.2.jar:/Users/jocelinhounon/.m2/repository/org/apache/kafka/kafka-clients/2.8.1/kafka-clients-2.8.1.jar:/Users/jocelinhounon/.m2/repository/org/apache/hbase/hbase-client/2.4.17/hbase-client-2.4.17.jar:/Users/jocelinhounon/.m2/repository/org/apache/hbase/thirdparty/hbase-shaded-protobuf/4.1.4/hbase-shaded-protobuf-4.1.4.jar:/Users/jocelinhounon/.m2/repository/org/apache/hbase/hbase-common/2.4.17/hbase-common-2.4.17.jar:/Users/jocelinhounon/.m2/repository/org/apache/hbase/hbase-logging/2.4.17/hbase-logging-2.4.17.jar:/Users/jocelinhounon/.m2/repository/org/apache/hbase/thirdparty/hbase-shaded-gson/4.1.4/hbase-shaded-gson-4.1.4.jar:/Users/jocelinhounon/.m2/repository/org/apache/hbase/thirdparty/hbase-unsafe/4.1.4/hbase-unsafe-4.1.4.jar:/Users/jocelinhounon/.m2/repository/org/apache/hbase/hbase-hadoop-compat/2.4.17/hbase-hadoop-compat-2.4.17.jar:/Users/jocelinhounon/.m2/repository/org/apache/hbase/hbase-metrics-api/2.4.17/hbase-metrics-api-2.4.17.jar:/Users/jocelinhounon/.m2/repository/org/apache/hbase/hbase-hadoop2-compat/2.4.17/hbase-hadoop2-compat-2.4.17.jar:/Users/jocelinhounon/.m2/repository/org/apache/hbase/hbase-metrics/2.4.17/hbase-metrics-2.4.17.jar:/Users/jocelinhounon/.m2/repository/javax/activation/javax.activation-api/1.2.0/javax.activation-api-1.2.0.jar:/Users/jocelinhounon/.m2/repository/org/apache/hbase/hbase-protocol-shaded/2.4.17/hbase-protocol-shaded-2.4.17.jar:/Users/jocelinhounon/.m2/repository/org/apache/hbase/hbase-protocol/2.4.17/hbase-protocol-2.4.17.jar:/Users/jocelinhounon/.m2/repository/javax/annotation/javax.annotation-api/1.2/javax.annotation-api-1.2.jar:/Users/jocelinhounon/.m2/repository/commons-codec/commons-codec/1.15/commons-codec-1.15.jar:/Users/jocelinhounon/.m2/repository/commons-io/commons-io/2.11.0/commons-io-2.11.0.jar:/Users/jocelinhounon/.m2/repository/org/apache/commons/commons-lang3/3.9/commons-lang3-3.9.jar:/Users/jocelinhounon/.m2/repository/org/slf4j/slf4j-api/1.7.33/slf4j-api-1.7.33.jar:/Users/jocelinhounon/.m2/repository/org/apache/hbase/thirdparty/hbase-shaded-miscellaneous/4.1.4/hbase-shaded-miscellaneous-4.1.4.jar:/Users/jocelinhounon/.m2/repository/com/google/errorprone/error_prone_annotations/2.18.0/error_prone_annotations-2.18.0.jar:/Users/jocelinhounon/.m2/repository/com/google/protobuf/protobuf-java/2.5.0/protobuf-java-2.5.0.jar:/Users/jocelinhounon/.m2/repository/org/apache/hbase/thirdparty/hbase-shaded-netty/4.1.4/hbase-shaded-netty-4.1.4.jar:/Users/jocelinhounon/.m2/repository/org/apache/zookeeper/zookeeper/3.5.7/zookeeper-3.5.7.jar:/Users/jocelinhounon/.m2/repository/org/apache/zookeeper/zookeeper-jute/3.5.7/zookeeper-jute-3.5.7.jar:/Users/jocelinhounon/.m2/repository/io/netty/netty-handler/4.1.45.Final/netty-handler-4.1.45.Final.jar:/Users/jocelinhounon/.m2/repository/io/netty/netty-transport-native-epoll/4.1.45.Final/netty-transport-native-epoll-4.1.45.Final.jar:/Users/jocelinhounon/.m2/repository/org/apache/htrace/htrace-core4/4.2.0-incubating/htrace-core4-4.2.0-incubating.jar:/Users/jocelinhounon/.m2/repository/org/jruby/jcodings/jcodings/1.0.55/jcodings-1.0.55.jar:/Users/jocelinhounon/.m2/repository/org/jruby/joni/joni/2.1.31/joni-2.1.31.jar:/Users/jocelinhounon/.m2/repository/io/dropwizard/metrics/metrics-core/3.2.6/metrics-core-3.2.6.jar:/Users/jocelinhounon/.m2/repository/org/apache/commons/commons-crypto/1.0.0/commons-crypto-1.0.0.jar:/Users/jocelinhounon/.m2/repository/org/apache/hadoop/hadoop-auth/2.10.0/hadoop-auth-2.10.0.jar:/Users/jocelinhounon/.m2/repository/org/apache/httpcomponents/httpclient/4.5.2/httpclient-4.5.2.jar:/Users/jocelinhounon/.m2/repository/org/apache/httpcomponents/httpcore/4.4.4/httpcore-4.4.4.jar:/Users/jocelinhounon/.m2/repository/com/nimbusds/nimbus-jose-jwt/4.41.1/nimbus-jose-jwt-4.41.1.jar:/Users/jocelinhounon/.m2/repository/com/github/stephenc/jcip/jcip-annotations/1.0-1/jcip-annotations-1.0-1.jar:/Users/jocelinhounon/.m2/repository/org/apache/directory/server/apacheds-kerberos-codec/2.0.0-M15/apacheds-kerberos-codec-2.0.0-M15.jar:/Users/jocelinhounon/.m2/repository/org/apache/directory/server/apacheds-i18n/2.0.0-M15/apacheds-i18n-2.0.0-M15.jar:/Users/jocelinhounon/.m2/repository/org/apache/directory/api/api-asn1-api/1.0.0-M20/api-asn1-api-1.0.0-M20.jar:/Users/jocelinhounon/.m2/repository/org/apache/directory/api/api-util/1.0.0-M20/api-util-1.0.0-M20.jar:/Users/jocelinhounon/.m2/repository/org/apache/curator/curator-framework/2.7.1/curator-framework-2.7.1.jar:/Users/jocelinhounon/.m2/repository/org/apache/hadoop/hadoop-common/2.10.0/hadoop-common-2.10.0.jar:/Users/jocelinhounon/.m2/repository/org/apache/hadoop/hadoop-annotations/2.10.0/hadoop-annotations-2.10.0.jar:/Users/jocelinhounon/.m2/repository/com/google/guava/guava/11.0.2/guava-11.0.2.jar:/Users/jocelinhounon/.m2/repository/commons-cli/commons-cli/1.2/commons-cli-1.2.jar:/Users/jocelinhounon/.m2/repository/xmlenc/xmlenc/0.52/xmlenc-0.52.jar:/Users/jocelinhounon/.m2/repository/commons-net/commons-net/3.1/commons-net-3.1.jar:/Users/jocelinhounon/.m2/repository/org/mortbay/jetty/jetty-sslengine/6.1.26/jetty-sslengine-6.1.26.jar:/Users/jocelinhounon/.m2/repository/commons-logging/commons-logging/1.1.3/commons-logging-1.1.3.jar:/Users/jocelinhounon/.m2/repository/log4j/log4j/1.2.17/log4j-1.2.17.jar:/Users/jocelinhounon/.m2/repository/commons-lang/commons-lang/2.6/commons-lang-2.6.jar:/Users/jocelinhounon/.m2/repository/commons-configuration/commons-configuration/1.6/commons-configuration-1.6.jar:/Users/jocelinhounon/.m2/repository/commons-digester/commons-digester/1.8/commons-digester-1.8.jar:/Users/jocelinhounon/.m2/repository/commons-beanutils/commons-beanutils/1.9.4/commons-beanutils-1.9.4.jar:/Users/jocelinhounon/.m2/repository/org/slf4j/slf4j-log4j12/1.7.25/slf4j-log4j12-1.7.25.jar:/Users/jocelinhounon/.m2/repository/org/codehaus/jackson/jackson-core-asl/1.9.13/jackson-core-asl-1.9.13.jar:/Users/jocelinhounon/.m2/repository/org/codehaus/jackson/jackson-mapper-asl/1.9.13/jackson-mapper-asl-1.9.13.jar:/Users/jocelinhounon/.m2/repository/com/google/code/gson/gson/2.2.4/gson-2.2.4.jar:/Users/jocelinhounon/.m2/repository/com/jcraft/jsch/0.1.54/jsch-0.1.54.jar:/Users/jocelinhounon/.m2/repository/org/apache/curator/curator-client/2.7.1/curator-client-2.7.1.jar:/Users/jocelinhounon/.m2/repository/org/apache/commons/commons-compress/1.19/commons-compress-1.19.jar:/Users/jocelinhounon/.m2/repository/org/codehaus/woodstox/stax2-api/3.1.4/stax2-api-3.1.4.jar:/Users/jocelinhounon/.m2/repository/com/fasterxml/woodstox/woodstox-core/5.0.3/woodstox-core-5.0.3.jar:/Users/jocelinhounon/.m2/repository/org/apache/yetus/audience-annotations/0.13.0/audience-annotations-0.13.0.jar:"/>
    <property name="sun.cpu.endian" value="little"/>
    <property name="user.home" value="/Users/jocelinhounon"/>
    <property name="user.language" value="en"/>
    <property name="java.specification.vendor" value="Oracle Corporation"/>
    <property name="java.version.date" value="2023-03-21"/>
    <property name="java.home" value="/opt/homebrew/Cellar/openjdk/20/libexec/openjdk.jdk/Contents/Home"/>
    <property name="file.separator" value="/"/>
    <property name="basedir" value="/Users/jocelinhounon/Documents/VSCodeProjects/spark-demo"/>
    <property name="java.vm.compressedOopsMode" value="Zero based"/>
    <property name="line.separator" value="&#10;"/>
    <property name="java.vm.specification.vendor" value="Oracle Corporation"/>
    <property name="java.specification.name" value="Java Platform API Specification"/>
    <property name="apple.awt.application.name" value="ForkedBooter"/>
    <property name="surefire.real.class.path" value="/Users/jocelinhounon/Documents/VSCodeProjects/spark-demo/target/surefire/surefirebooter18201592038617140145.jar"/>
    <property name="sun.management.compiler" value="HotSpot 64-Bit Tiered Compilers"/>
    <property name="ftp.nonProxyHosts" value="local|*.local|169.254/16|*.169.254/16"/>
    <property name="java.runtime.version" value="20"/>
    <property name="user.name" value="jocelinhounon"/>
    <property name="stdout.encoding" value="UTF-8"/>
    <property name="path.separator" value=":"/>
    <property name="os.version" value="13.3.1"/>
    <property name="java.runtime.name" value="OpenJDK Runtime Environment"/>
    <property name="file.encoding" value="UTF-8"/>
    <property name="java.vm.name" value="OpenJDK 64-Bit Server VM"/>
    <property name="java.vendor.version" value="Homebrew"/>
    <property name="localRepository" value="/Users/jocelinhounon/.m2/repository"/>
    <property name="java.vendor.url.bug" value="https://github.com/Homebrew/homebrew-core/issues"/>
    <property name="java.io.tmpdir" value="/var/folders/p0/kprppx0s4l7898c7xlkylvv40000gn/T/"/>
    <property name="java.version" value="20"/>
    <property name="user.dir" value="/Users/jocelinhounon/Documents/VSCodeProjects/spark-demo"/>
    <property name="os.arch" value="aarch64"/>
    <property name="java.vm.specification.name" value="Java Virtual Machine Specification"/>
    <property name="native.encoding" value="UTF-8"/>
    <property name="java.library.path" value="/Users/jocelinhounon/Library/Java/Extensions:/Library/Java/Extensions:/Network/Library/Java/Extensions:/System/Library/Java/Extensions:/usr/lib/java:."/>
    <property name="java.vm.info" value="mixed mode, sharing"/>
    <property name="stderr.encoding" value="UTF-8"/>
    <property name="java.vendor" value="Homebrew"/>
    <property name="java.vm.version" value="20"/>
    <property name="sun.io.unicode.encoding" value="UnicodeBig"/>
    <property name="socksNonProxyHosts" value="local|*.local|169.254/16|*.169.254/16"/>
    <property name="java.class.version" value="64.0"/>
  </properties>
  <testcase name="shouldAnswerWithTrue" classname="com.jowilf.AppTest" time="0.001"/>
</testsuite>